  [1m[35m (1.0ms)[0m  [1m[34mSELECT sqlite_version(*)[0m
  [1m[35m (0.0ms)[0m  [1m[34mSELECT sqlite_version(*)[0m
  [1m[35m (0.0ms)[0m  [1m[34mSELECT sqlite_version(*)[0m
  [1m[35m (0.2ms)[0m  [1m[34mSELECT sqlite_version(*)[0m
  [1m[35m (77.9ms)[0m  [1m[35mCREATE TABLE "schema_migrations" ("version" varchar NOT NULL PRIMARY KEY)[0m
  [1m[35m (87.4ms)[0m  [1m[35mCREATE TABLE "ar_internal_metadata" ("key" varchar NOT NULL PRIMARY KEY, "value" varchar, "created_at" datetime(6) NOT NULL, "updated_at" datetime(6) NOT NULL)[0m
  [1m[35m (0.1ms)[0m  [1m[34mSELECT "schema_migrations"."version" FROM "schema_migrations" ORDER BY "schema_migrations"."version" ASC[0m
Migrating to CreateProducts (20200504064421)
  [1m[35m (0.0ms)[0m  [1m[36mbegin transaction[0m
  [1m[35m (0.4ms)[0m  [1m[35mCREATE TABLE "products" ("id" integer PRIMARY KEY AUTOINCREMENT NOT NULL, "title" varchar, "description" text, "image_url" varchar, "price" decimal(8,2), "created_at" datetime(6) NOT NULL, "updated_at" datetime(6) NOT NULL)[0m
  [1m[36mprimary::SchemaMigration Create (0.2ms)[0m  [1m[32mINSERT INTO "schema_migrations" ("version") VALUES (?)[0m  [["version", "20200504064421"]]
  [1m[35m (67.0ms)[0m  [1m[36mcommit transaction[0m
  [1m[36mActiveRecord::InternalMetadata Load (0.2ms)[0m  [1m[34mSELECT "ar_internal_metadata".* FROM "ar_internal_metadata" WHERE "ar_internal_metadata"."key" = ? LIMIT ?[0m  [["key", "environment"], ["LIMIT", 1]]
  [1m[35m (0.0ms)[0m  [1m[36mbegin transaction[0m
  [1m[36mActiveRecord::InternalMetadata Create (0.1ms)[0m  [1m[32mINSERT INTO "ar_internal_metadata" ("key", "value", "created_at", "updated_at") VALUES (?, ?, ?, ?)[0m  [["key", "environment"], ["value", "development"], ["created_at", "2020-05-04 06:45:17.484290"], ["updated_at", "2020-05-04 06:45:17.484290"]]
  [1m[35m (59.4ms)[0m  [1m[36mcommit transaction[0m
  [1m[35m (0.1ms)[0m  [1m[34mSELECT sqlite_version(*)[0m
  [1m[35m (0.2ms)[0m  [1m[34mSELECT "schema_migrations"."version" FROM "schema_migrations" ORDER BY "schema_migrations"."version" ASC[0m
Started GET "/" for ::1 at 2020-05-04 12:15:44 +0530
  [1m[35m (0.6ms)[0m  [1m[34mSELECT sqlite_version(*)[0m
  [1m[35m (0.1ms)[0m  [1m[34mSELECT "schema_migrations"."version" FROM "schema_migrations" ORDER BY "schema_migrations"."version" ASC[0m
Processing by Rails::WelcomeController#index as HTML
  Rendering /home/vinshaku/.rvm/gems/ruby-2.6.3/gems/railties-6.0.2.2/lib/rails/templates/rails/welcome/index.html.erb
  Rendered /home/vinshaku/.rvm/gems/ruby-2.6.3/gems/railties-6.0.2.2/lib/rails/templates/rails/welcome/index.html.erb (Duration: 8.5ms | Allocations: 478)
Completed 200 OK in 81ms (Views: 46.0ms | ActiveRecord: 0.0ms | Allocations: 2760)


Started GET "/" for ::1 at 2020-05-04 12:15:47 +0530
Processing by Rails::WelcomeController#index as HTML
  Rendering /home/vinshaku/.rvm/gems/ruby-2.6.3/gems/railties-6.0.2.2/lib/rails/templates/rails/welcome/index.html.erb
  Rendered /home/vinshaku/.rvm/gems/ruby-2.6.3/gems/railties-6.0.2.2/lib/rails/templates/rails/welcome/index.html.erb (Duration: 3.5ms | Allocations: 473)
Completed 200 OK in 5ms (Views: 4.2ms | ActiveRecord: 0.0ms | Allocations: 1338)


Started GET "/products" for ::1 at 2020-05-04 12:16:00 +0530
Processing by ProductsController#index as HTML
  Rendering products/index.html.erb within layouts/application
  [1m[36mProduct Load (0.2ms)[0m  [1m[34mSELECT "products".* FROM "products"[0m
  ↳ app/views/products/index.html.erb:17
  Rendered products/index.html.erb within layouts/application (Duration: 2.2ms | Allocations: 1442)
[Webpacker] Compiling...
[Webpacker] Compiled all packs in /home/vinshaku/rails 6 practice/depot/public/packs
[Webpacker] Hash: 32e57f147dbdcbbf0c82
Version: webpack 4.43.0
Time: 1386ms
Built at: 05/04/2020 12:16:02 PM
                                     Asset       Size       Chunks                         Chunk Names
    js/application-bbe9c4a129ab949e0636.js    124 KiB  application  [emitted] [immutable]  application
js/application-bbe9c4a129ab949e0636.js.map    139 KiB  application  [emitted] [dev]        application
                             manifest.json  364 bytes               [emitted]              
Entrypoint application = js/application-bbe9c4a129ab949e0636.js js/application-bbe9c4a129ab949e0636.js.map
[./app/javascript/channels sync recursive _channel\.js$] ./app/javascript/channels sync _channel\.js$ 160 bytes {application} [built]
[./app/javascript/channels/index.js] 211 bytes {application} [built]
[./app/javascript/packs/application.js] 749 bytes {application} [built]
[./node_modules/webpack/buildin/module.js] (webpack)/buildin/module.js 552 bytes {application} [built]
    + 3 hidden modules

Completed 200 OK in 2350ms (Views: 2347.2ms | ActiveRecord: 0.3ms | Allocations: 24503)


Started GET "/products/new" for ::1 at 2020-05-04 12:17:13 +0530
  [1m[35m (0.3ms)[0m  [1m[34mSELECT sqlite_version(*)[0m
  [1m[35m (0.1ms)[0m  [1m[34mSELECT "schema_migrations"."version" FROM "schema_migrations" ORDER BY "schema_migrations"."version" ASC[0m
Processing by ProductsController#new as HTML
  Rendering products/new.html.erb within layouts/application
  Rendered products/_form.html.erb (Duration: 66.9ms | Allocations: 6039)
  Rendered products/new.html.erb within layouts/application (Duration: 67.8ms | Allocations: 6653)
[Webpacker] Everything's up-to-date. Nothing to do
Completed 200 OK in 101ms (Views: 92.6ms | ActiveRecord: 0.4ms | Allocations: 19912)


Started POST "/products" for ::1 at 2020-05-04 12:17:29 +0530
Processing by ProductsController#create as HTML
  Parameters: {"authenticity_token"=>"oKKVSGyhaa/t1sHG+LYxfWD9hzUD/22IqG7Ltt9TbCxhu+H3rLY1I2ZXeOhJDmIvqEl98kqptqwLDkW5eCW1CA==", "product"=>{"title"=>"mobile ", "description"=>"kdv vdikn", "image_url"=>"", "price"=>"10000.0"}, "commit"=>"Create Product"}
  [1m[35m (0.0ms)[0m  [1m[36mbegin transaction[0m
  ↳ app/controllers/products_controller.rb:30:in `block in create'
  [1m[36mProduct Create (0.2ms)[0m  [1m[32mINSERT INTO "products" ("title", "description", "image_url", "price", "created_at", "updated_at") VALUES (?, ?, ?, ?, ?, ?)[0m  [["title", "mobile "], ["description", "kdv vdikn"], ["image_url", ""], ["price", 10000.0], ["created_at", "2020-05-04 06:47:29.009031"], ["updated_at", "2020-05-04 06:47:29.009031"]]
  ↳ app/controllers/products_controller.rb:30:in `block in create'
  [1m[35m (145.7ms)[0m  [1m[36mcommit transaction[0m
  ↳ app/controllers/products_controller.rb:30:in `block in create'
Redirected to http://localhost:3000/products/1
Completed 302 Found in 152ms (ActiveRecord: 146.0ms | Allocations: 3919)


Started GET "/products/1" for ::1 at 2020-05-04 12:17:29 +0530
Processing by ProductsController#show as HTML
  Parameters: {"id"=>"1"}
  [1m[36mProduct Load (0.3ms)[0m  [1m[34mSELECT "products".* FROM "products" WHERE "products"."id" = ? LIMIT ?[0m  [["id", 1], ["LIMIT", 1]]
  ↳ app/controllers/products_controller.rb:67:in `set_product'
  Rendering products/show.html.erb within layouts/application
  Rendered products/show.html.erb within layouts/application (Duration: 1.2ms | Allocations: 330)
[Webpacker] Everything's up-to-date. Nothing to do
Completed 200 OK in 12ms (Views: 7.9ms | ActiveRecord: 0.3ms | Allocations: 5142)


Started GET "/products" for ::1 at 2020-05-04 12:17:33 +0530
Processing by ProductsController#index as HTML
  Rendering products/index.html.erb within layouts/application
  [1m[36mProduct Load (0.2ms)[0m  [1m[34mSELECT "products".* FROM "products"[0m
  ↳ app/views/products/index.html.erb:17
  Rendered products/index.html.erb within layouts/application (Duration: 2.4ms | Allocations: 1082)
[Webpacker] Everything's up-to-date. Nothing to do
Completed 200 OK in 8ms (Views: 6.2ms | ActiveRecord: 0.2ms | Allocations: 4938)


Started GET "/products" for ::1 at 2020-05-04 12:29:40 +0530
  [1m[35m (0.1ms)[0m  [1m[34mSELECT sqlite_version(*)[0m
Processing by ProductsController#index as HTML
  Rendering products/index.html.erb within layouts/application
  [1m[36mProduct Load (0.2ms)[0m  [1m[34mSELECT "products".* FROM "products"[0m
  ↳ app/views/products/index.html.erb:17
  Rendered products/index.html.erb within layouts/application (Duration: 2.0ms | Allocations: 1058)
[Webpacker] Everything's up-to-date. Nothing to do
Completed 200 OK in 9ms (Views: 7.5ms | ActiveRecord: 0.2ms | Allocations: 5700)


Started GET "/products/1/edit" for ::1 at 2020-05-04 12:29:42 +0530
Processing by ProductsController#edit as HTML
  Parameters: {"id"=>"1"}
  [1m[36mProduct Load (0.3ms)[0m  [1m[34mSELECT "products".* FROM "products" WHERE "products"."id" = ? LIMIT ?[0m  [["id", 1], ["LIMIT", 1]]
  ↳ app/controllers/products_controller.rb:67:in `set_product'
  Rendering products/edit.html.erb within layouts/application
  Rendered products/_form.html.erb (Duration: 2.8ms | Allocations: 1595)
  Rendered products/edit.html.erb within layouts/application (Duration: 3.9ms | Allocations: 1991)
[Webpacker] Everything's up-to-date. Nothing to do
Completed 200 OK in 9ms (Views: 6.6ms | ActiveRecord: 0.3ms | Allocations: 6354)


Started GET "/products/1/edit" for ::1 at 2020-05-04 12:29:50 +0530
Processing by ProductsController#edit as HTML
  Parameters: {"id"=>"1"}
  [1m[36mProduct Load (0.2ms)[0m  [1m[34mSELECT "products".* FROM "products" WHERE "products"."id" = ? LIMIT ?[0m  [["id", 1], ["LIMIT", 1]]
  ↳ app/controllers/products_controller.rb:67:in `set_product'
  Rendering products/edit.html.erb within layouts/application
  Rendered products/_form.html.erb (Duration: 3.2ms | Allocations: 1162)
  Rendered products/edit.html.erb within layouts/application (Duration: 3.5ms | Allocations: 1279)
[Webpacker] Everything's up-to-date. Nothing to do
Completed 200 OK in 10ms (Views: 7.1ms | ActiveRecord: 0.2ms | Allocations: 5508)


  [1m[35m (0.2ms)[0m  [1m[34mSELECT sqlite_version(*)[0m
  [1m[35m (0.1ms)[0m  [1m[34mSELECT "schema_migrations"."version" FROM "schema_migrations" ORDER BY "schema_migrations"."version" ASC[0m
  [1m[35m (0.1ms)[0m  [1m[34mSELECT "ar_internal_metadata"."value" FROM "ar_internal_metadata" WHERE "ar_internal_metadata"."key" = ?[0m  [["key", "environment"]]
  [1m[35m (0.0ms)[0m  [1m[34mSELECT "schema_migrations"."version" FROM "schema_migrations" ORDER BY "schema_migrations"."version" ASC[0m
  [1m[35m (0.0ms)[0m  [1m[34mSELECT "ar_internal_metadata"."value" FROM "ar_internal_metadata" WHERE "ar_internal_metadata"."key" = ?[0m  [["key", "environment"]]
  [1m[35m (0.0ms)[0m  [1m[34mSELECT "schema_migrations"."version" FROM "schema_migrations" ORDER BY "schema_migrations"."version" ASC[0m
  [1m[35m (0.0ms)[0m  [1m[34mSELECT "ar_internal_metadata"."value" FROM "ar_internal_metadata" WHERE "ar_internal_metadata"."key" = ?[0m  [["key", "environment"]]
  [1m[35m (0.0ms)[0m  [1m[34mSELECT sqlite_version(*)[0m
  [1m[35m (0.0ms)[0m  [1m[34mSELECT sqlite_version(*)[0m
  [1m[35m (0.0ms)[0m  [1m[34mSELECT sqlite_version(*)[0m
  [1m[35m (0.0ms)[0m  [1m[35mDROP TABLE IF EXISTS "products"[0m
  [1m[35m (89.8ms)[0m  [1m[35mCREATE TABLE "products" ("id" integer PRIMARY KEY AUTOINCREMENT NOT NULL, "title" varchar, "description" text, "image_url" varchar, "price" decimal(8,2), "created_at" datetime(6) NOT NULL, "updated_at" datetime(6) NOT NULL)[0m
  [1m[35m (90.0ms)[0m  [1m[35mCREATE TABLE "schema_migrations" ("version" varchar NOT NULL PRIMARY KEY)[0m
  [1m[35m (0.2ms)[0m  [1m[34mSELECT "schema_migrations"."version" FROM "schema_migrations" ORDER BY "schema_migrations"."version" ASC[0m
  [1m[35m (64.2ms)[0m  [1m[32mINSERT INTO "schema_migrations" (version) VALUES (20200504064421)[0m
  [1m[35m (63.1ms)[0m  [1m[35mCREATE TABLE "ar_internal_metadata" ("key" varchar NOT NULL PRIMARY KEY, "value" varchar, "created_at" datetime(6) NOT NULL, "updated_at" datetime(6) NOT NULL)[0m
  [1m[36mActiveRecord::InternalMetadata Load (0.2ms)[0m  [1m[34mSELECT "ar_internal_metadata".* FROM "ar_internal_metadata" WHERE "ar_internal_metadata"."key" = ? LIMIT ?[0m  [["key", "environment"], ["LIMIT", 1]]
  [1m[35m (0.0ms)[0m  [1m[36mbegin transaction[0m
  [1m[36mActiveRecord::InternalMetadata Create (0.1ms)[0m  [1m[32mINSERT INTO "ar_internal_metadata" ("key", "value", "created_at", "updated_at") VALUES (?, ?, ?, ?)[0m  [["key", "environment"], ["value", "development"], ["created_at", "2020-05-04 07:11:22.964055"], ["updated_at", "2020-05-04 07:11:22.964055"]]
  [1m[35m (56.7ms)[0m  [1m[36mcommit transaction[0m
  [1m[36mActiveRecord::InternalMetadata Load (0.1ms)[0m  [1m[34mSELECT "ar_internal_metadata".* FROM "ar_internal_metadata" WHERE "ar_internal_metadata"."key" = ? LIMIT ?[0m  [["key", "environment"], ["LIMIT", 1]]
  [1m[36mActiveRecord::InternalMetadata Load (0.1ms)[0m  [1m[34mSELECT "ar_internal_metadata".* FROM "ar_internal_metadata" WHERE "ar_internal_metadata"."key" = ? LIMIT ?[0m  [["key", "schema_sha1"], ["LIMIT", 1]]
  [1m[35m (0.1ms)[0m  [1m[36mbegin transaction[0m
  [1m[36mActiveRecord::InternalMetadata Create (0.3ms)[0m  [1m[32mINSERT INTO "ar_internal_metadata" ("key", "value", "created_at", "updated_at") VALUES (?, ?, ?, ?)[0m  [["key", "schema_sha1"], ["value", "97200340f21b8ccaa274d11a77af0d58f9f628e3"], ["created_at", "2020-05-04 07:11:23.030153"], ["updated_at", "2020-05-04 07:11:23.030153"]]
  [1m[35m (54.9ms)[0m  [1m[36mcommit transaction[0m
  [1m[35m (0.1ms)[0m  [1m[34mSELECT sqlite_version(*)[0m
  [1m[35m (0.1ms)[0m  [1m[35mDROP TABLE IF EXISTS "products"[0m
  [1m[35m (51.9ms)[0m  [1m[35mCREATE TABLE "products" ("id" integer PRIMARY KEY AUTOINCREMENT NOT NULL, "title" varchar, "description" text, "image_url" varchar, "price" decimal(8,2), "created_at" datetime(6) NOT NULL, "updated_at" datetime(6) NOT NULL)[0m
  [1m[35m (73.6ms)[0m  [1m[35mCREATE TABLE "schema_migrations" ("version" varchar NOT NULL PRIMARY KEY)[0m
  [1m[35m (0.1ms)[0m  [1m[34mSELECT "schema_migrations"."version" FROM "schema_migrations" ORDER BY "schema_migrations"."version" ASC[0m
  [1m[35m (36.6ms)[0m  [1m[32mINSERT INTO "schema_migrations" (version) VALUES (20200504064421)[0m
  [1m[35m (83.8ms)[0m  [1m[35mCREATE TABLE "ar_internal_metadata" ("key" varchar NOT NULL PRIMARY KEY, "value" varchar, "created_at" datetime(6) NOT NULL, "updated_at" datetime(6) NOT NULL)[0m
  [1m[36mActiveRecord::InternalMetadata Load (0.3ms)[0m  [1m[34mSELECT "ar_internal_metadata".* FROM "ar_internal_metadata" WHERE "ar_internal_metadata"."key" = ? LIMIT ?[0m  [["key", "environment"], ["LIMIT", 1]]
  [1m[35m (0.1ms)[0m  [1m[36mbegin transaction[0m
  [1m[36mActiveRecord::InternalMetadata Create (0.4ms)[0m  [1m[32mINSERT INTO "ar_internal_metadata" ("key", "value", "created_at", "updated_at") VALUES (?, ?, ?, ?)[0m  [["key", "environment"], ["value", "development"], ["created_at", "2020-05-04 07:11:23.356686"], ["updated_at", "2020-05-04 07:11:23.356686"]]
  [1m[35m (61.8ms)[0m  [1m[36mcommit transaction[0m
  [1m[36mActiveRecord::InternalMetadata Load (0.1ms)[0m  [1m[34mSELECT "ar_internal_metadata".* FROM "ar_internal_metadata" WHERE "ar_internal_metadata"."key" = ? LIMIT ?[0m  [["key", "environment"], ["LIMIT", 1]]
  [1m[35m (0.1ms)[0m  [1m[36mbegin transaction[0m
  [1m[36mActiveRecord::InternalMetadata Update (0.3ms)[0m  [1m[33mUPDATE "ar_internal_metadata" SET "value" = ?, "updated_at" = ? WHERE "ar_internal_metadata"."key" = ?[0m  [["value", "test"], ["updated_at", "2020-05-04 07:11:23.428749"], ["key", "environment"]]
  [1m[35m (82.5ms)[0m  [1m[36mcommit transaction[0m
  [1m[36mActiveRecord::InternalMetadata Load (0.1ms)[0m  [1m[34mSELECT "ar_internal_metadata".* FROM "ar_internal_metadata" WHERE "ar_internal_metadata"."key" = ? LIMIT ?[0m  [["key", "schema_sha1"], ["LIMIT", 1]]
  [1m[35m (0.1ms)[0m  [1m[36mbegin transaction[0m
  [1m[36mActiveRecord::InternalMetadata Create (0.3ms)[0m  [1m[32mINSERT INTO "ar_internal_metadata" ("key", "value", "created_at", "updated_at") VALUES (?, ?, ?, ?)[0m  [["key", "schema_sha1"], ["value", "97200340f21b8ccaa274d11a77af0d58f9f628e3"], ["created_at", "2020-05-04 07:11:23.520120"], ["updated_at", "2020-05-04 07:11:23.520120"]]
  [1m[35m (58.3ms)[0m  [1m[36mcommit transaction[0m
  [1m[35m (0.1ms)[0m  [1m[34mSELECT sqlite_version(*)[0m
  [1m[35m (0.1ms)[0m  [1m[34mSELECT "schema_migrations"."version" FROM "schema_migrations" ORDER BY "schema_migrations"."version" ASC[0m
  [1m[35m (0.0ms)[0m  [1m[34mSELECT sqlite_version(*)[0m
  [1m[36mProduct Destroy (64.4ms)[0m  [1m[31mDELETE FROM "products"[0m
  [1m[35m (0.0ms)[0m  [1m[36mbegin transaction[0m
  [1m[36mProduct Create (0.2ms)[0m  [1m[32mINSERT INTO "products" ("title", "description", "image_url", "price", "created_at", "updated_at") VALUES (?, ?, ?, ?, ?, ?)[0m  [["title", "Seven Mobile Apps in Seven Weeks"], ["description", "<p>\n<em>Native Apps, Multiple Platforms</em>\nAnswer the question “Can we build this for ALL the devices?” with a\nresounding YES. This book will help you get there with a real-world\nintroduction to seven platforms, whether you’re new to mobile or an\nexperienced developer needing to expand your options. Plus, you’ll find\nout which cross-platform solution makes the most sense for your needs.\n</p>"], ["image_url", "image1.jpg"], ["price", 26.0], ["created_at", "2020-05-04 07:11:23.683981"], ["updated_at", "2020-05-04 07:11:23.683981"]]
  [1m[35m (69.7ms)[0m  [1m[36mcommit transaction[0m
Started GET "/products" for ::1 at 2020-05-04 12:41:27 +0530
  [1m[35m (0.1ms)[0m  [1m[34mSELECT sqlite_version(*)[0m
Processing by ProductsController#index as HTML
  Rendering products/index.html.erb within layouts/application
  [1m[36mProduct Load (0.1ms)[0m  [1m[34mSELECT "products".* FROM "products"[0m
  ↳ app/views/products/index.html.erb:17
  Rendered products/index.html.erb within layouts/application (Duration: 1.5ms | Allocations: 784)
[Webpacker] Everything's up-to-date. Nothing to do
Completed 200 OK in 6ms (Views: 5.7ms | ActiveRecord: 0.1ms | Allocations: 4525)


Started GET "/products" for ::1 at 2020-05-04 12:41:28 +0530
Processing by ProductsController#index as HTML
  Rendering products/index.html.erb within layouts/application
  [1m[36mProduct Load (0.2ms)[0m  [1m[34mSELECT "products".* FROM "products"[0m
  ↳ app/views/products/index.html.erb:17
  Rendered products/index.html.erb within layouts/application (Duration: 2.4ms | Allocations: 742)
[Webpacker] Everything's up-to-date. Nothing to do
Completed 200 OK in 9ms (Views: 7.7ms | ActiveRecord: 0.2ms | Allocations: 4451)


Started GET "/products" for ::1 at 2020-05-04 12:41:29 +0530
Processing by ProductsController#index as HTML
  Rendering products/index.html.erb within layouts/application
  [1m[36mProduct Load (0.2ms)[0m  [1m[34mSELECT "products".* FROM "products"[0m
  ↳ app/views/products/index.html.erb:17
  Rendered products/index.html.erb within layouts/application (Duration: 2.1ms | Allocations: 743)
[Webpacker] Everything's up-to-date. Nothing to do
Completed 200 OK in 7ms (Views: 5.9ms | ActiveRecord: 0.2ms | Allocations: 4456)


Started GET "/products/1" for ::1 at 2020-05-04 12:41:30 +0530
Processing by ProductsController#show as HTML
  Parameters: {"id"=>"1"}
  [1m[36mProduct Load (0.3ms)[0m  [1m[34mSELECT "products".* FROM "products" WHERE "products"."id" = ? LIMIT ?[0m  [["id", 1], ["LIMIT", 1]]
  ↳ app/controllers/products_controller.rb:67:in `set_product'
  Rendering products/show.html.erb within layouts/application
  Rendered products/show.html.erb within layouts/application (Duration: 1.2ms | Allocations: 319)
[Webpacker] Everything's up-to-date. Nothing to do
Completed 200 OK in 11ms (Views: 7.1ms | ActiveRecord: 0.3ms | Allocations: 4710)


Started GET "/products/1" for ::1 at 2020-05-04 12:41:33 +0530
Processing by ProductsController#show as HTML
  Parameters: {"id"=>"1"}
  [1m[36mProduct Load (0.2ms)[0m  [1m[34mSELECT "products".* FROM "products" WHERE "products"."id" = ? LIMIT ?[0m  [["id", 1], ["LIMIT", 1]]
  ↳ app/controllers/products_controller.rb:67:in `set_product'
  Rendering products/show.html.erb within layouts/application
  Rendered products/show.html.erb within layouts/application (Duration: 0.4ms | Allocations: 94)
[Webpacker] Everything's up-to-date. Nothing to do
Completed 200 OK in 7ms (Views: 5.0ms | ActiveRecord: 0.2ms | Allocations: 4310)


Started GET "/products/1/edit" for ::1 at 2020-05-04 12:41:36 +0530
Processing by ProductsController#edit as HTML
  Parameters: {"id"=>"1"}
  [1m[36mProduct Load (0.2ms)[0m  [1m[34mSELECT "products".* FROM "products" WHERE "products"."id" = ? LIMIT ?[0m  [["id", 1], ["LIMIT", 1]]
  ↳ app/controllers/products_controller.rb:67:in `set_product'
  Rendering products/edit.html.erb within layouts/application
  Rendered products/_form.html.erb (Duration: 3.8ms | Allocations: 1169)
  Rendered products/edit.html.erb within layouts/application (Duration: 4.4ms | Allocations: 1286)
[Webpacker] Everything's up-to-date. Nothing to do
Completed 200 OK in 10ms (Views: 8.2ms | ActiveRecord: 0.2ms | Allocations: 5495)


Started GET "/products/1" for ::1 at 2020-05-04 12:41:42 +0530
Processing by ProductsController#show as HTML
  Parameters: {"id"=>"1"}
  [1m[36mProduct Load (0.2ms)[0m  [1m[34mSELECT "products".* FROM "products" WHERE "products"."id" = ? LIMIT ?[0m  [["id", 1], ["LIMIT", 1]]
  ↳ app/controllers/products_controller.rb:67:in `set_product'
  Rendering products/show.html.erb within layouts/application
  Rendered products/show.html.erb within layouts/application (Duration: 0.5ms | Allocations: 94)
[Webpacker] Everything's up-to-date. Nothing to do
Completed 200 OK in 10ms (Views: 6.5ms | ActiveRecord: 0.2ms | Allocations: 4305)


Started GET "/products" for ::1 at 2020-05-04 12:44:38 +0530
Processing by ProductsController#index as HTML
  Rendering products/index.html.erb within layouts/application
  [1m[36mProduct Load (0.2ms)[0m  [1m[34mSELECT "products".* FROM "products"[0m
  ↳ app/views/products/index.html.erb:17
  Rendered products/index.html.erb within layouts/application (Duration: 2.4ms | Allocations: 743)
[Webpacker] Everything's up-to-date. Nothing to do
Completed 200 OK in 26ms (Views: 25.0ms | ActiveRecord: 0.2ms | Allocations: 14008)


Started GET "/products/1" for ::1 at 2020-05-04 12:44:39 +0530
Processing by ProductsController#show as HTML
  Parameters: {"id"=>"1"}
  [1m[36mProduct Load (0.2ms)[0m  [1m[34mSELECT "products".* FROM "products" WHERE "products"."id" = ? LIMIT ?[0m  [["id", 1], ["LIMIT", 1]]
  ↳ app/controllers/products_controller.rb:67:in `set_product'
  Rendering products/show.html.erb within layouts/application
  Rendered products/show.html.erb within layouts/application (Duration: 0.6ms | Allocations: 94)
[Webpacker] Everything's up-to-date. Nothing to do
Completed 200 OK in 10ms (Views: 7.7ms | ActiveRecord: 0.2ms | Allocations: 4331)


Started GET "/products/1" for ::1 at 2020-05-04 12:44:41 +0530
Processing by ProductsController#show as HTML
  Parameters: {"id"=>"1"}
  [1m[36mProduct Load (0.2ms)[0m  [1m[34mSELECT "products".* FROM "products" WHERE "products"."id" = ? LIMIT ?[0m  [["id", 1], ["LIMIT", 1]]
  ↳ app/controllers/products_controller.rb:67:in `set_product'
  Rendering products/show.html.erb within layouts/application
  Rendered products/show.html.erb within layouts/application (Duration: 0.3ms | Allocations: 94)
[Webpacker] Everything's up-to-date. Nothing to do
Completed 200 OK in 7ms (Views: 4.1ms | ActiveRecord: 0.2ms | Allocations: 4330)


Started GET "/products/1" for ::1 at 2020-05-04 12:46:37 +0530
Processing by ProductsController#show as HTML
  Parameters: {"id"=>"1"}
  [1m[36mProduct Load (0.1ms)[0m  [1m[34mSELECT "products".* FROM "products" WHERE "products"."id" = ? LIMIT ?[0m  [["id", 1], ["LIMIT", 1]]
  ↳ app/controllers/products_controller.rb:67:in `set_product'
  Rendering products/show.html.erb within layouts/application
  Rendered products/show.html.erb within layouts/application (Duration: 0.6ms | Allocations: 318)
[Webpacker] Everything's up-to-date. Nothing to do
Completed 200 OK in 7ms (Views: 5.3ms | ActiveRecord: 0.1ms | Allocations: 5568)


Started GET "/products/1" for ::1 at 2020-05-04 12:46:38 +0530
Processing by ProductsController#show as HTML
  Parameters: {"id"=>"1"}
  [1m[36mProduct Load (0.2ms)[0m  [1m[34mSELECT "products".* FROM "products" WHERE "products"."id" = ? LIMIT ?[0m  [["id", 1], ["LIMIT", 1]]
  ↳ app/controllers/products_controller.rb:67:in `set_product'
  Rendering products/show.html.erb within layouts/application
  Rendered products/show.html.erb within layouts/application (Duration: 0.3ms | Allocations: 101)
[Webpacker] Everything's up-to-date. Nothing to do
Completed 200 OK in 7ms (Views: 3.9ms | ActiveRecord: 0.2ms | Allocations: 4339)


Started GET "/products/1" for ::1 at 2020-05-04 12:46:39 +0530
Processing by ProductsController#show as HTML
  Parameters: {"id"=>"1"}
  [1m[36mProduct Load (0.2ms)[0m  [1m[34mSELECT "products".* FROM "products" WHERE "products"."id" = ? LIMIT ?[0m  [["id", 1], ["LIMIT", 1]]
  ↳ app/controllers/products_controller.rb:67:in `set_product'
  Rendering products/show.html.erb within layouts/application
  Rendered products/show.html.erb within layouts/application (Duration: 0.4ms | Allocations: 94)
[Webpacker] Everything's up-to-date. Nothing to do
Completed 200 OK in 8ms (Views: 5.7ms | ActiveRecord: 0.2ms | Allocations: 4327)


Started GET "/products/1" for ::1 at 2020-05-04 12:46:39 +0530
Processing by ProductsController#show as HTML
  Parameters: {"id"=>"1"}
  [1m[36mProduct Load (0.2ms)[0m  [1m[34mSELECT "products".* FROM "products" WHERE "products"."id" = ? LIMIT ?[0m  [["id", 1], ["LIMIT", 1]]
  ↳ app/controllers/products_controller.rb:67:in `set_product'
  Rendering products/show.html.erb within layouts/application
  Rendered products/show.html.erb within layouts/application (Duration: 0.5ms | Allocations: 94)
[Webpacker] Everything's up-to-date. Nothing to do
Completed 200 OK in 7ms (Views: 4.9ms | ActiveRecord: 0.2ms | Allocations: 4328)


Started GET "/products/1" for ::1 at 2020-05-04 12:46:39 +0530
Processing by ProductsController#show as HTML
  Parameters: {"id"=>"1"}
  [1m[36mProduct Load (0.2ms)[0m  [1m[34mSELECT "products".* FROM "products" WHERE "products"."id" = ? LIMIT ?[0m  [["id", 1], ["LIMIT", 1]]
  ↳ app/controllers/products_controller.rb:67:in `set_product'
  Rendering products/show.html.erb within layouts/application
  Rendered products/show.html.erb within layouts/application (Duration: 0.3ms | Allocations: 94)
[Webpacker] Everything's up-to-date. Nothing to do
Completed 200 OK in 7ms (Views: 4.2ms | ActiveRecord: 0.2ms | Allocations: 4341)


Started GET "/products/1" for ::1 at 2020-05-04 12:46:40 +0530
Processing by ProductsController#show as HTML
  Parameters: {"id"=>"1"}
  [1m[36mProduct Load (0.2ms)[0m  [1m[34mSELECT "products".* FROM "products" WHERE "products"."id" = ? LIMIT ?[0m  [["id", 1], ["LIMIT", 1]]
  ↳ app/controllers/products_controller.rb:67:in `set_product'
  Rendering products/show.html.erb within layouts/application
  Rendered products/show.html.erb within layouts/application (Duration: 0.4ms | Allocations: 94)
[Webpacker] Everything's up-to-date. Nothing to do
Completed 200 OK in 7ms (Views: 4.9ms | ActiveRecord: 0.2ms | Allocations: 4332)


Started GET "/products/1" for ::1 at 2020-05-04 12:46:40 +0530
Processing by ProductsController#show as HTML
  Parameters: {"id"=>"1"}
  [1m[36mProduct Load (0.1ms)[0m  [1m[34mSELECT "products".* FROM "products" WHERE "products"."id" = ? LIMIT ?[0m  [["id", 1], ["LIMIT", 1]]
  ↳ app/controllers/products_controller.rb:67:in `set_product'
  Rendering products/show.html.erb within layouts/application
  Rendered products/show.html.erb within layouts/application (Duration: 0.3ms | Allocations: 94)
[Webpacker] Everything's up-to-date. Nothing to do
Completed 200 OK in 4ms (Views: 3.3ms | ActiveRecord: 0.1ms | Allocations: 4330)


Started GET "/products/1" for ::1 at 2020-05-04 12:48:54 +0530
Processing by ProductsController#show as HTML
  Parameters: {"id"=>"1"}
  [1m[36mProduct Load (0.1ms)[0m  [1m[34mSELECT "products".* FROM "products" WHERE "products"."id" = ? LIMIT ?[0m  [["id", 1], ["LIMIT", 1]]
  ↳ app/controllers/products_controller.rb:67:in `set_product'
  Rendering products/show.html.erb within layouts/application
  Rendered products/show.html.erb within layouts/application (Duration: 0.7ms | Allocations: 318)
[Webpacker] Everything's up-to-date. Nothing to do
Completed 200 OK in 8ms (Views: 5.2ms | ActiveRecord: 0.1ms | Allocations: 5523)


Started GET "/products" for ::1 at 2020-05-04 12:48:55 +0530
Processing by ProductsController#index as HTML
  Rendering products/index.html.erb within layouts/application
  [1m[36mProduct Load (0.2ms)[0m  [1m[34mSELECT "products".* FROM "products"[0m
  ↳ app/views/products/index.html.erb:14
  Rendered products/index.html.erb within layouts/application (Duration: 25.7ms | Allocations: 8384)
[Webpacker] Everything's up-to-date. Nothing to do
Completed 200 OK in 34ms (Views: 31.9ms | ActiveRecord: 0.2ms | Allocations: 12186)


Started GET "/products" for ::1 at 2020-05-04 12:48:57 +0530
Processing by ProductsController#index as HTML
  Rendering products/index.html.erb within layouts/application
  [1m[36mProduct Load (0.1ms)[0m  [1m[34mSELECT "products".* FROM "products"[0m
  ↳ app/views/products/index.html.erb:14
  Rendered products/index.html.erb within layouts/application (Duration: 4.2ms | Allocations: 1624)
[Webpacker] Everything's up-to-date. Nothing to do
Completed 200 OK in 9ms (Views: 7.9ms | ActiveRecord: 0.1ms | Allocations: 5279)


Started GET "/products" for ::1 at 2020-05-04 12:48:58 +0530
Processing by ProductsController#index as HTML
  Rendering products/index.html.erb within layouts/application
  [1m[36mProduct Load (0.1ms)[0m  [1m[34mSELECT "products".* FROM "products"[0m
  ↳ app/views/products/index.html.erb:14
  Rendered products/index.html.erb within layouts/application (Duration: 4.5ms | Allocations: 1624)
[Webpacker] Everything's up-to-date. Nothing to do
Completed 200 OK in 9ms (Views: 8.0ms | ActiveRecord: 0.1ms | Allocations: 5272)


Started GET "/products" for ::1 at 2020-05-04 12:48:59 +0530
Processing by ProductsController#index as HTML
  Rendering products/index.html.erb within layouts/application
  [1m[36mProduct Load (0.2ms)[0m  [1m[34mSELECT "products".* FROM "products"[0m
  ↳ app/views/products/index.html.erb:14
  Rendered products/index.html.erb within layouts/application (Duration: 3.0ms | Allocations: 1624)
[Webpacker] Everything's up-to-date. Nothing to do
Completed 200 OK in 7ms (Views: 6.2ms | ActiveRecord: 0.2ms | Allocations: 5277)


Started GET "/products" for ::1 at 2020-05-04 12:49:00 +0530
Processing by ProductsController#index as HTML
  Rendering products/index.html.erb within layouts/application
  [1m[36mProduct Load (0.2ms)[0m  [1m[34mSELECT "products".* FROM "products"[0m
  ↳ app/views/products/index.html.erb:14
  Rendered products/index.html.erb within layouts/application (Duration: 5.2ms | Allocations: 1625)
[Webpacker] Everything's up-to-date. Nothing to do
Completed 200 OK in 9ms (Views: 8.1ms | ActiveRecord: 0.2ms | Allocations: 5283)


Started GET "/products" for ::1 at 2020-05-04 12:49:00 +0530
Processing by ProductsController#index as HTML
  Rendering products/index.html.erb within layouts/application
  [1m[36mProduct Load (0.1ms)[0m  [1m[34mSELECT "products".* FROM "products"[0m
  ↳ app/views/products/index.html.erb:14
  Rendered products/index.html.erb within layouts/application (Duration: 4.0ms | Allocations: 1622)
[Webpacker] Everything's up-to-date. Nothing to do
Completed 200 OK in 8ms (Views: 6.6ms | ActiveRecord: 0.1ms | Allocations: 5278)


Started GET "/products" for ::1 at 2020-05-04 12:49:00 +0530
Processing by ProductsController#index as HTML
  Rendering products/index.html.erb within layouts/application
  [1m[36mProduct Load (0.2ms)[0m  [1m[34mSELECT "products".* FROM "products"[0m
  ↳ app/views/products/index.html.erb:14
  Rendered products/index.html.erb within layouts/application (Duration: 4.0ms | Allocations: 1624)
[Webpacker] Everything's up-to-date. Nothing to do
Completed 200 OK in 8ms (Views: 7.0ms | ActiveRecord: 0.2ms | Allocations: 5280)


Started GET "/products/1" for ::1 at 2020-05-04 12:49:01 +0530
Processing by ProductsController#show as HTML
  Parameters: {"id"=>"1"}
  [1m[36mProduct Load (0.2ms)[0m  [1m[34mSELECT "products".* FROM "products" WHERE "products"."id" = ? LIMIT ?[0m  [["id", 1], ["LIMIT", 1]]
  ↳ app/controllers/products_controller.rb:67:in `set_product'
  Rendering products/show.html.erb within layouts/application
  Rendered products/show.html.erb within layouts/application (Duration: 0.3ms | Allocations: 95)
[Webpacker] Everything's up-to-date. Nothing to do
Completed 200 OK in 6ms (Views: 4.1ms | ActiveRecord: 0.2ms | Allocations: 4334)


Started GET "/products/1" for ::1 at 2020-05-04 12:49:11 +0530
Processing by ProductsController#show as HTML
  Parameters: {"id"=>"1"}
  [1m[36mProduct Load (0.2ms)[0m  [1m[34mSELECT "products".* FROM "products" WHERE "products"."id" = ? LIMIT ?[0m  [["id", 1], ["LIMIT", 1]]
  ↳ app/controllers/products_controller.rb:67:in `set_product'
  Rendering products/show.html.erb within layouts/application
  Rendered products/show.html.erb within layouts/application (Duration: 0.5ms | Allocations: 94)
[Webpacker] Everything's up-to-date. Nothing to do
Completed 200 OK in 10ms (Views: 6.7ms | ActiveRecord: 0.2ms | Allocations: 4329)


Started GET "/products/1/edit" for ::1 at 2020-05-04 12:49:14 +0530
Processing by ProductsController#edit as HTML
  Parameters: {"id"=>"1"}
  [1m[36mProduct Load (0.2ms)[0m  [1m[34mSELECT "products".* FROM "products" WHERE "products"."id" = ? LIMIT ?[0m  [["id", 1], ["LIMIT", 1]]
  ↳ app/controllers/products_controller.rb:67:in `set_product'
  Rendering products/edit.html.erb within layouts/application
  Rendered products/_form.html.erb (Duration: 5.0ms | Allocations: 1571)
  Rendered products/edit.html.erb within layouts/application (Duration: 6.5ms | Allocations: 1969)
[Webpacker] Everything's up-to-date. Nothing to do
Completed 200 OK in 12ms (Views: 9.6ms | ActiveRecord: 0.2ms | Allocations: 6339)


Started GET "/products/1" for ::1 at 2020-05-04 12:51:09 +0530
Processing by ProductsController#show as HTML
  Parameters: {"id"=>"1"}
  [1m[36mProduct Load (0.3ms)[0m  [1m[34mSELECT "products".* FROM "products" WHERE "products"."id" = ? LIMIT ?[0m  [["id", 1], ["LIMIT", 1]]
  ↳ app/controllers/products_controller.rb:67:in `set_product'
  Rendering products/show.html.erb within layouts/application
  Rendered products/show.html.erb within layouts/application (Duration: 0.4ms | Allocations: 96)
[Webpacker] Everything's up-to-date. Nothing to do
Completed 200 OK in 8ms (Views: 4.6ms | ActiveRecord: 0.3ms | Allocations: 4335)


Started GET "/products/1" for ::1 at 2020-05-04 12:51:12 +0530
Processing by ProductsController#show as HTML
  Parameters: {"id"=>"1"}
  [1m[36mProduct Load (0.2ms)[0m  [1m[34mSELECT "products".* FROM "products" WHERE "products"."id" = ? LIMIT ?[0m  [["id", 1], ["LIMIT", 1]]
  ↳ app/controllers/products_controller.rb:67:in `set_product'
  Rendering products/show.html.erb within layouts/application
  Rendered products/show.html.erb within layouts/application (Duration: 0.5ms | Allocations: 94)
[Webpacker] Everything's up-to-date. Nothing to do
Completed 200 OK in 8ms (Views: 5.0ms | ActiveRecord: 0.2ms | Allocations: 4328)


Started GET "/products/1" for ::1 at 2020-05-04 12:51:28 +0530
Processing by ProductsController#show as HTML
  Parameters: {"id"=>"1"}
  [1m[36mProduct Load (0.2ms)[0m  [1m[34mSELECT "products".* FROM "products" WHERE "products"."id" = ? LIMIT ?[0m  [["id", 1], ["LIMIT", 1]]
  ↳ app/controllers/products_controller.rb:67:in `set_product'
  Rendering products/show.html.erb within layouts/application
  Rendered products/show.html.erb within layouts/application (Duration: 0.3ms | Allocations: 94)
[Webpacker] Everything's up-to-date. Nothing to do
Completed 200 OK in 7ms (Views: 4.2ms | ActiveRecord: 0.2ms | Allocations: 4330)


Started GET "/products" for ::1 at 2020-05-04 12:51:58 +0530
Processing by ProductsController#index as HTML
  Rendering products/index.html.erb within layouts/application
  [1m[36mProduct Load (0.2ms)[0m  [1m[34mSELECT "products".* FROM "products"[0m
  ↳ app/views/products/index.html.erb:14
  Rendered products/index.html.erb within layouts/application (Duration: 3.9ms | Allocations: 1623)
[Webpacker] Everything's up-to-date. Nothing to do
Completed 200 OK in 8ms (Views: 6.9ms | ActiveRecord: 0.2ms | Allocations: 5278)


